This file contains any messages produced by compilers while
running configure, to aid debugging if configure makes a mistake.

It was created by MrBayes configure 3.2.7a, which was
generated by GNU Autoconf 2.69.  Invocation command line was

  $ ./configure --no-create --no-recursion

## --------- ##
## Platform. ##
## --------- ##

hostname = LAPTOP-R585K2BE
uname -m = x86_64
uname -r = 4.4.0-19041-Microsoft
uname -s = Linux
uname -v = #488-Microsoft Mon Sep 01 13:43:00 PST 2020

/usr/bin/uname -p = x86_64
/bin/uname -X     = unknown

/bin/arch              = x86_64
/usr/bin/arch -k       = unknown
/usr/convex/getsysinfo = unknown
/usr/bin/hostinfo      = unknown
/bin/machine           = unknown
/usr/bin/oslevel       = unknown
/bin/universe          = unknown

PATH: /usr/local/sbin
PATH: /usr/local/bin
PATH: /usr/sbin
PATH: /usr/bin
PATH: /sbin
PATH: /bin
PATH: /usr/games
PATH: /usr/local/games
PATH: /mnt/c/WINDOWS/system32
PATH: /mnt/c/WINDOWS
PATH: /mnt/c/WINDOWS/System32/Wbem
PATH: /mnt/c/WINDOWS/System32/WindowsPowerShell/v1.0/
PATH: /mnt/c/WINDOWS/System32/OpenSSH/
PATH: /mnt/c/Program Files/MiKTeX 2.9/miktex/bin/x64/
PATH: /mnt/c/Program Files/Microsoft SQL Server/130/Tools/Binn/
PATH: /mnt/c/Program Files (x86)/Wolfram Research/WolframScript/
PATH: /mnt/c/Program Files/MATLAB/R2017b/runtime/win64
PATH: /mnt/c/Program Files/MATLAB/R2017b/bin
PATH: /mnt/c/Program Files/Git/cmd
PATH: /mnt/c/Users/PC HP/AppData/Local/Programs/Python/Python39/Scripts/
PATH: /mnt/c/Users/PC HP/AppData/Local/Programs/Python/Python39/
PATH: /mnt/c/Users/PC HP/AppData/Local/Microsoft/WindowsApps
PATH: /mnt/c/texlive/2020/bin/win32
PATH: /mnt/c/Users/PC HP/AppData/Local/Programs/Microsoft VS Code/bin
PATH: /mnt/c/Program Files/mingw-w64/x86_64-8.1.0-posix-seh-rt_v6-rev0/mingw64/bin
PATH: /mnt/c/Program Files/gnuplot/bin
PATH: /snap/bin


## ----------- ##
## Core tests. ##
## ----------- ##

configure:2498: checking for a BSD-compatible install
configure:2566: result: /usr/bin/install -c
configure:2577: checking whether build environment is sane
configure:2632: result: yes
configure:2783: checking for a thread-safe mkdir -p
configure:2822: result: /usr/bin/mkdir -p
configure:2829: checking for gawk
configure:2845: found /usr/bin/gawk
configure:2856: result: gawk
configure:2867: checking whether make sets $(MAKE)
configure:2889: result: yes
configure:2918: checking whether make supports nested variables
configure:2935: result: yes
configure:3062: checking whether to enable maintainer-specific portions of Makefiles
configure:3071: result: no
configure:3093: checking build system type
configure:3107: result: x86_64-unknown-linux-gnu
configure:3127: checking host system type
configure:3140: result: x86_64-unknown-linux-gnu
configure:3316: checking for pkg-config
configure:3349: result: no
configure:3387: checking for pdflatex
configure:3420: result: no
configure:3427: checking for bibtex
configure:3460: result: no
configure:3467: checking for latexmk
configure:3500: result: no
configure:3516: WARNING: pdflatex or bibtex is missing, documentation will not be rebuilt
configure:3542: checking for style of include used by make
configure:3570: result: GNU
configure:3596: checking whether to compile using MPI
configure:3603: result: no
configure:3760: checking for gcc
configure:3790: result: no
configure:3853: checking for cc
configure:3900: result: no
configure:3956: checking for cl.exe
configure:3986: result: no
configure:4010: error: in `/mnt/c/Users/PC HP/Desktop/Master/TFM/Drive/arboles-20210129T112505Z-001/arboles/MrBayes':
configure:4013: error: no acceptable C compiler found in $PATH
See `config.log' for more details

## ---------------- ##
## Cache variables. ##
## ---------------- ##

ac_cv_build='x86_64-unknown-linux-gnu'
ac_cv_env_BEAGLE_CFLAGS_set=''
ac_cv_env_BEAGLE_CFLAGS_value=''
ac_cv_env_BEAGLE_LIBS_set=''
ac_cv_env_BEAGLE_LIBS_value=''
ac_cv_env_CC_set=''
ac_cv_env_CC_value=''
ac_cv_env_CFLAGS_set=''
ac_cv_env_CFLAGS_value=''
ac_cv_env_CPPFLAGS_set=''
ac_cv_env_CPPFLAGS_value=''
ac_cv_env_CPP_set=''
ac_cv_env_CPP_value=''
ac_cv_env_LDFLAGS_set=''
ac_cv_env_LDFLAGS_value=''
ac_cv_env_LIBS_set=''
ac_cv_env_LIBS_value=''
ac_cv_env_MPICC_set=''
ac_cv_env_MPICC_value=''
ac_cv_env_PKG_CONFIG_LIBDIR_set=''
ac_cv_env_PKG_CONFIG_LIBDIR_value=''
ac_cv_env_PKG_CONFIG_PATH_set=''
ac_cv_env_PKG_CONFIG_PATH_value=''
ac_cv_env_PKG_CONFIG_set=''
ac_cv_env_PKG_CONFIG_value=''
ac_cv_env_build_alias_set=''
ac_cv_env_build_alias_value=''
ac_cv_env_host_alias_set=''
ac_cv_env_host_alias_value=''
ac_cv_env_target_alias_set=''
ac_cv_env_target_alias_value=''
ac_cv_host='x86_64-unknown-linux-gnu'
ac_cv_path_install='/usr/bin/install -c'
ac_cv_path_mkdir='/usr/bin/mkdir'
ac_cv_prog_AWK='gawk'
ac_cv_prog_make_make_set='yes'
am_cv_make_support_nested_variables='yes'

## ----------------- ##
## Output variables. ##
## ----------------- ##

ACLOCAL='${SHELL} "/mnt/c/Users/PC HP/Desktop/Master/TFM/Drive/arboles-20210129T112505Z-001/arboles/MrBayes/autotools/missing" aclocal-1.15'
AMDEPBACKSLASH='\'
AMDEP_FALSE='#'
AMDEP_TRUE=''
AMTAR='$${TAR-tar}'
AM_BACKSLASH='\'
AM_DEFAULT_V='$(AM_DEFAULT_VERBOSITY)'
AM_DEFAULT_VERBOSITY='1'
AM_V='$(V)'
AUTOCONF='${SHELL} "/mnt/c/Users/PC HP/Desktop/Master/TFM/Drive/arboles-20210129T112505Z-001/arboles/MrBayes/autotools/missing" autoconf'
AUTOHEADER='${SHELL} "/mnt/c/Users/PC HP/Desktop/Master/TFM/Drive/arboles-20210129T112505Z-001/arboles/MrBayes/autotools/missing" autoheader'
AUTOMAKE='${SHELL} "/mnt/c/Users/PC HP/Desktop/Master/TFM/Drive/arboles-20210129T112505Z-001/arboles/MrBayes/autotools/missing" automake-1.15'
AWK='gawk'
BEAGLE_CFLAGS=''
BEAGLE_LIBS=''
BIBTEX=''
CC=''
CCDEPMODE=''
CFLAGS='-O3 -DNDEBUG -std=c99 -pedantic '
CPP=''
CPPFLAGS=''
CPUEXT_FLAGS=''
CYGPATH_W='echo'
DEFS=''
DEPDIR='.deps'
ECHO_C=''
ECHO_N='-n'
ECHO_T=''
EGREP=''
EXEEXT=''
GREP=''
HAVE_LATEXMK_FALSE=''
HAVE_LATEXMK_TRUE='#'
HAVE_LATEX_FALSE=''
HAVE_LATEX_TRUE='#'
INSTALL_DATA='${INSTALL} -m 644'
INSTALL_PROGRAM='${INSTALL}'
INSTALL_SCRIPT='${INSTALL}'
INSTALL_STRIP_PROGRAM='$(install_sh) -c -s'
LATEXMK=''
LDFLAGS=''
LIBOBJS=''
LIBS=''
LTLIBOBJS=''
MAINT='#'
MAINTAINER_MODE_FALSE=''
MAINTAINER_MODE_TRUE='#'
MAKEINFO='${SHELL} "/mnt/c/Users/PC HP/Desktop/Master/TFM/Drive/arboles-20210129T112505Z-001/arboles/MrBayes/autotools/missing" makeinfo'
MKDIR_P='/usr/bin/mkdir -p'
MPICC=''
OBJEXT=''
PACKAGE='mrbayes'
PACKAGE_BUGREPORT=''
PACKAGE_NAME='MrBayes'
PACKAGE_STRING='MrBayes 3.2.7a'
PACKAGE_TARNAME='mrbayes'
PACKAGE_URL=''
PACKAGE_VERSION='3.2.7a'
PATH_SEPARATOR=':'
PDFLATEX=''
PKG_CONFIG=''
PKG_CONFIG_LIBDIR=''
PKG_CONFIG_PATH=''
SED=''
SET_MAKE=''
SHELL='/bin/sh'
SIMD_FLAGS=''
STRIP=''
VERSION='3.2.7a'
ac_ct_CC=''
am__EXEEXT_FALSE=''
am__EXEEXT_TRUE=''
am__fastdepCC_FALSE=''
am__fastdepCC_TRUE=''
am__include='include'
am__isrc=''
am__leading_dot='.'
am__nodep='_no'
am__quote=''
am__tar='$${TAR-tar} chof - "$$tardir"'
am__untar='$${TAR-tar} xf -'
bindir='${exec_prefix}/bin'
build='x86_64-unknown-linux-gnu'
build_alias=''
build_cpu='x86_64'
build_os='linux-gnu'
build_vendor='unknown'
datadir='${datarootdir}'
datarootdir='${prefix}/share'
docdir='${datarootdir}/doc/${PACKAGE_TARNAME}'
dvidir='${docdir}'
exec_prefix='NONE'
host='x86_64-unknown-linux-gnu'
host_alias=''
host_cpu='x86_64'
host_os='linux-gnu'
host_vendor='unknown'
htmldir='${docdir}'
includedir='${prefix}/include'
infodir='${datarootdir}/info'
install_sh='${SHELL} '\''/mnt/c/Users/PC HP/Desktop/Master/TFM/Drive/arboles-20210129T112505Z-001/arboles/MrBayes/autotools/install-sh'\'''
libdir='${exec_prefix}/lib'
libexecdir='${exec_prefix}/libexec'
localedir='${datarootdir}/locale'
localstatedir='${prefix}/var'
mandir='${datarootdir}/man'
mkdir_p='$(MKDIR_P)'
oldincludedir='/usr/include'
pdfdir='${docdir}'
prefix='NONE'
program_transform_name='s,x,x,'
psdir='${docdir}'
sbindir='${exec_prefix}/sbin'
sharedstatedir='${prefix}/com'
sysconfdir='${prefix}/etc'
target_alias=''

## ----------- ##
## confdefs.h. ##
## ----------- ##

/* confdefs.h */
#define PACKAGE_NAME "MrBayes"
#define PACKAGE_TARNAME "mrbayes"
#define PACKAGE_VERSION "3.2.7a"
#define PACKAGE_STRING "MrBayes 3.2.7a"
#define PACKAGE_BUGREPORT ""
#define PACKAGE_URL ""
#define PACKAGE "mrbayes"
#define VERSION "3.2.7a"
#define HOST_TYPE "x86_64-unknown-linux-gnu"
#define HOST_CPU "x86_64"

configure: exit 1
